<?xml version="1.0" encoding="UTF-8"?>
<!-- Generated by org.testng.reporters.JUnitReportReporter -->
<testsuite hostname="DESKTOP-377NK29" failures="0" tests="7" name="CreateAccountFormTest" time="12.292" errors="0" timestamp="05 Sep 2019 10:45:43 GMT" skipped="0">
  <testcase classname="CreateAccountFormTest" name="homePage" time="2.443"/>
  <testcase classname="CreateAccountFormTest" name="authenticationPage" time="0.082"/>
  <testcase classname="CreateAccountFormTest" name="createAccountWithoutEmail" time="1.245"/>
  <testcase classname="CreateAccountFormTest" name="createAccountWithInvalidEmailAddress" time="1.249"/>
  <testcase classname="CreateAccountFormTest" name="createAccountWithValidEmailAddress" time="0.157"/>
  <testcase classname="CreateAccountFormTest" name="createAccountFormSuccessfully" time="5.177"/>
  <testcase classname="CreateAccountFormTest" name="logout" time="1.939"/>
</testsuite> <!-- CreateAccountFormTest -->
