<?xml version="1.0" encoding="UTF-8"?>
<!-- Generated by org.testng.reporters.JUnitReportReporter -->
<testsuite hostname="DESKTOP-PJLCLMT" failures="0" tests="2" name="CreateAccount_SignInTest" time="7.517" errors="1" timestamp="07 Sep 2019 15:16:43 GMT" skipped="1">
  <testcase classname="CreateAccount_SignInTest" name="launchApplication" time="7.517">
    <error message="session not created
from chrome not reachable
  (Session info: chrome=76.0.3809.132)
Build info: version: &#039;3.141.59&#039;, revision: &#039;e82be7d358&#039;, time: &#039;2018-11-14T08:17:03&#039;
System info: host: &#039;DESKTOP-PJLCLMT&#039;, ip: &#039;192.168.88.253&#039;, os.name: &#039;Windows 10&#039;, os.arch: &#039;amd64&#039;, os.version: &#039;10.0&#039;, java.version: &#039;12.0.1&#039;
Driver info: driver.version: ChromeDriver
remote stacktrace: Backtrace:
	Ordinal0 [0x011F7C93+1473683]
	Ordinal0 [0x0117ADB1+961969]
	Ordinal0 [0x0110418C+475532]
	Ordinal0 [0x010FDB1A+449306]
	Ordinal0 [0x010FE1B8+451000]
	Ordinal0 [0x010FF2C5+455365]
	Ordinal0 [0x010FB4C5+439493]
	Ordinal0 [0x01104F40+479040]
	Ordinal0 [0x010B98FE+170238]
	Ordinal0 [0x010B8D1D+167197]
	Ordinal0 [0x010B742B+160811]
	Ordinal0 [0x010A0AE6+68326]
	Ordinal0 [0x010A1BF0+72688]
	Ordinal0 [0x010A1B89+72585]
	Ordinal0 [0x01194B77+1067895]
	GetHandleVerifier [0x01296875+506677]
	GetHandleVerifier [0x01296610+506064]
	GetHandleVerifier [0x0129D1B8+533624]
	GetHandleVerifier [0x0129704A+508682]
	Ordinal0 [0x0118C266+1032806]
	Ordinal0 [0x0118C0DF+1032415]
	Ordinal0 [0x01196A8B+1075851]
	Ordinal0 [0x01196BF3+1076211]
	Ordinal0 [0x01195BA5+1072037]
	BaseThreadInitThunk [0x76D40419+25]
	RtlGetAppContainerNamedObjectPath [0x77C0662D+237]
	RtlGetAppContainerNamedObjectPath [0x77C065FD+189]
" type="org.openqa.selenium.SessionNotCreatedException">
      <![CDATA[org.openqa.selenium.SessionNotCreatedException: session not created
from chrome not reachable
  (Session info: chrome=76.0.3809.132)
Build info: version: '3.141.59', revision: 'e82be7d358', time: '2018-11-14T08:17:03'
System info: host: 'DESKTOP-PJLCLMT', ip: '192.168.88.253', os.name: 'Windows 10', os.arch: 'amd64', os.version: '10.0', java.version: '12.0.1'
Driver info: driver.version: ChromeDriver
remote stacktrace: Backtrace:
Ordinal0 [0x011F7C93+1473683]
Ordinal0 [0x0117ADB1+961969]
Ordinal0 [0x0110418C+475532]
Ordinal0 [0x010FDB1A+449306]
Ordinal0 [0x010FE1B8+451000]
Ordinal0 [0x010FF2C5+455365]
Ordinal0 [0x010FB4C5+439493]
Ordinal0 [0x01104F40+479040]
Ordinal0 [0x010B98FE+170238]
Ordinal0 [0x010B8D1D+167197]
Ordinal0 [0x010B742B+160811]
Ordinal0 [0x010A0AE6+68326]
Ordinal0 [0x010A1BF0+72688]
Ordinal0 [0x010A1B89+72585]
Ordinal0 [0x01194B77+1067895]
GetHandleVerifier [0x01296875+506677]
GetHandleVerifier [0x01296610+506064]
GetHandleVerifier [0x0129D1B8+533624]
GetHandleVerifier [0x0129704A+508682]
Ordinal0 [0x0118C266+1032806]
Ordinal0 [0x0118C0DF+1032415]
Ordinal0 [0x01196A8B+1075851]
Ordinal0 [0x01196BF3+1076211]
Ordinal0 [0x01195BA5+1072037]
BaseThreadInitThunk [0x76D40419+25]
RtlGetAppContainerNamedObjectPath [0x77C0662D+237]
RtlGetAppContainerNamedObjectPath [0x77C065FD+189]

at java.base/jdk.internal.reflect.NativeConstructorAccessorImpl.newInstance0(Native Method)
at java.base/jdk.internal.reflect.NativeConstructorAccessorImpl.newInstance(NativeConstructorAccessorImpl.java:62)
at java.base/jdk.internal.reflect.DelegatingConstructorAccessorImpl.newInstance(DelegatingConstructorAccessorImpl.java:45)
at java.base/java.lang.reflect.Constructor.newInstanceWithCaller(Constructor.java:500)
at java.base/java.lang.reflect.Constructor.newInstance(Constructor.java:481)
at org.openqa.selenium.remote.W3CHandshakeResponse.lambda$errorHandler$0(W3CHandshakeResponse.java:62)
at org.openqa.selenium.remote.HandshakeResponse.lambda$getResponseFunction$0(HandshakeResponse.java:30)
at org.openqa.selenium.remote.ProtocolHandshake.lambda$createSession$0(ProtocolHandshake.java:126)
at java.base/java.util.stream.ReferencePipeline$3$1.accept(ReferencePipeline.java:195)
at java.base/java.util.Spliterators$ArraySpliterator.tryAdvance(Spliterators.java:958)
at java.base/java.util.stream.ReferencePipeline.forEachWithCancel(ReferencePipeline.java:127)
at java.base/java.util.stream.AbstractPipeline.copyIntoWithCancel(AbstractPipeline.java:502)
at java.base/java.util.stream.AbstractPipeline.copyInto(AbstractPipeline.java:488)
at java.base/java.util.stream.AbstractPipeline.wrapAndCopyInto(AbstractPipeline.java:474)
at java.base/java.util.stream.FindOps$FindOp.evaluateSequential(FindOps.java:150)
at java.base/java.util.stream.AbstractPipeline.evaluate(AbstractPipeline.java:234)
at java.base/java.util.stream.ReferencePipeline.findFirst(ReferencePipeline.java:543)
at org.openqa.selenium.remote.ProtocolHandshake.createSession(ProtocolHandshake.java:128)
at org.openqa.selenium.remote.ProtocolHandshake.createSession(ProtocolHandshake.java:74)
at org.openqa.selenium.remote.HttpCommandExecutor.execute(HttpCommandExecutor.java:136)
at org.openqa.selenium.remote.service.DriverCommandExecutor.execute(DriverCommandExecutor.java:83)
at org.openqa.selenium.remote.RemoteWebDriver.execute(RemoteWebDriver.java:552)
at org.openqa.selenium.remote.RemoteWebDriver.startSession(RemoteWebDriver.java:213)
at org.openqa.selenium.remote.RemoteWebDriver.<init>(RemoteWebDriver.java:131)
at org.openqa.selenium.chrome.ChromeDriver.<init>(ChromeDriver.java:181)
at org.openqa.selenium.chrome.ChromeDriver.<init>(ChromeDriver.java:168)
at org.openqa.selenium.chrome.ChromeDriver.<init>(ChromeDriver.java:123)
at BaseTest.launchApplication(BaseTest.java:38)
at java.base/jdk.internal.reflect.NativeMethodAccessorImpl.invoke0(Native Method)
at java.base/jdk.internal.reflect.NativeMethodAccessorImpl.invoke(NativeMethodAccessorImpl.java:62)
at java.base/jdk.internal.reflect.DelegatingMethodAccessorImpl.invoke(DelegatingMethodAccessorImpl.java:43)
at java.base/java.lang.reflect.Method.invoke(Method.java:567)
at org.testng.internal.MethodInvocationHelper.invokeMethod(MethodInvocationHelper.java:124)
at org.testng.internal.MethodInvocationHelper.invokeMethodConsideringTimeout(MethodInvocationHelper.java:59)
at org.testng.internal.Invoker.invokeConfigurationMethod(Invoker.java:458)
at org.testng.internal.Invoker.invokeConfigurations(Invoker.java:222)
at org.testng.internal.Invoker.invokeConfigurations(Invoker.java:142)
at org.testng.internal.TestMethodWorker.invokeBeforeClassMethods(TestMethodWorker.java:168)
at org.testng.internal.TestMethodWorker.run(TestMethodWorker.java:105)
at org.testng.TestRunner.privateRun(TestRunner.java:648)
at org.testng.TestRunner.run(TestRunner.java:505)
at org.testng.SuiteRunner.runTest(SuiteRunner.java:455)
at org.testng.SuiteRunner.runSequentially(SuiteRunner.java:450)
at org.testng.SuiteRunner.privateRun(SuiteRunner.java:415)
at org.testng.SuiteRunner.run(SuiteRunner.java:364)
at org.testng.SuiteRunnerWorker.runSuite(SuiteRunnerWorker.java:52)
at org.testng.SuiteRunnerWorker.run(SuiteRunnerWorker.java:84)
at org.testng.TestNG.runSuitesSequentially(TestNG.java:1208)
at org.testng.TestNG.runSuitesLocally(TestNG.java:1137)
at org.testng.TestNG.runSuites(TestNG.java:1049)
at org.testng.TestNG.run(TestNG.java:1017)
at org.testng.remote.AbstractRemoteTestNG.run(AbstractRemoteTestNG.java:115)
at org.testng.remote.RemoteTestNG.initAndRun(RemoteTestNG.java:251)
at org.testng.remote.RemoteTestNG.main(RemoteTestNG.java:77)
]]>
    </error>
  </testcase> <!-- launchApplication -->
  <testcase classname="CreateAccount_SignInTest" name="authenticationPage" time="0.000">
    <skipped/>
  </testcase> <!-- authenticationPage -->
</testsuite> <!-- CreateAccount_SignInTest -->
