<?xml version="1.0" encoding="UTF-8"?>
<!-- Generated by org.testng.reporters.JUnitReportReporter -->
<testsuite hostname="DESKTOP-377NK29" failures="0" tests="2" name="LoginFormTest" time="15.092" errors="0" timestamp="10 Sep 2019 13:02:03 GMT" skipped="0">
  <testcase classname="LoginFormTest" name="check_If_all_Required_Elements_Are_Displayed" time="6.575"/>
  <testcase classname="LoginFormTest" name="login_With_Correct_Credentials" time="8.517"/>
</testsuite> <!-- LoginFormTest -->
