<?xml version="1.0" encoding="UTF-8"?>
<!-- Generated by org.testng.reporters.JUnitReportReporter -->
<testsuite hostname="DESKTOP-377NK29" failures="0" tests="7" name="LoginFormTest" time="12.733" errors="0" timestamp="03 Sep 2019 08:57:37 GMT" skipped="0">
  <testcase classname="LoginFormTest" name="allRequiredElementsAreDisplayed" time="2.064"/>
  <testcase classname="LoginFormTest" name="loginWithValidCredentials" time="3.572"/>
  <testcase classname="LoginFormTest" name="loginWith_Incorrect_Username" time="1.362"/>
  <testcase classname="LoginFormTest" name="loginWith_Incorrect_PassWord" time="1.293"/>
  <testcase classname="LoginFormTest" name="loginWith_Invalid_Email_Address" time="1.420"/>
  <testcase classname="LoginFormTest" name="loginWith_Blank_EmailAddress" time="1.490"/>
  <testcase classname="LoginFormTest" name="loginWith_Blank_Password" time="1.532"/>
</testsuite> <!-- LoginFormTest -->
